


materialPath: C:\Program Files (x86)\Steam\steamapps\common\Source SDK Base 2013 Singleplayer\hl2\materials
Loading C:\Program Files (x86)\Steam\steamapps\sourcemods\halflifecodered\maps im working on\hlcr_dreamhouse01.vmf
Could not locate 'GameData' key in c:\program files (x86)\steam\steamapps\common\source sdk base 2013 singleplayer\hl2\gameinfo.txt
fixing up env_cubemap materials on brush sides...
0...1...2...3...4...5...6...7...8...9...10**** leaked ****
Entity prop_door_rotating (-637.53 -128.00 59.00) leaked!
Processing areas...done (0)
Building Faces...done (0)
FixTjuncs...
PruneNodes...
WriteBSP...
done (0)
Creating default LDR cubemaps for env_cubemap using skybox materials:
   skybox/sky_day01_01*.vmt
 ! Run buildcubemaps in the engine to get the correct cube maps.
Creating default HDR cubemaps for env_cubemap using skybox materials:
   skybox/sky_day01_01*.vmt
 ! Run buildcubemaps in the engine to get the correct cube maps.
Finding displacement neighbors...
Finding lightmap sample positions...
Displacement Alpha : 0...1...2...3...4...5...6...7...8...9...10
Building Physics collision data...
done (0) (3141 bytes)
Placing detail props : 0...1...2...3...4...5...6...7...8...9...10
Compacting texture/material tables...
Reduced 12 texinfos to 11
Reduced 4 texdatas to 4 (80 bytes to 80)
Writing C:\Program Files (x86)\Steam\steamapps\sourcemods\halflifecodered\maps im working on\hlcr_dreamhouse01.bsp
0 seconds elapsed



4 threads
reading c:\program files (x86)\steam\steamapps\sourcemods\halflifecodered\maps im working on\hlcr_dreamhouse01.bsp
reading c:\program files (x86)\steam\steamapps\sourcemods\halflifecodered\maps im working on\hlcr_dreamhouse01.prt
LoadPortals: couldn't read c:\program files (x86)\steam\steamapps\sourcemods\halflifecodered\maps im working on\hlcr_dreamhouse01.prt



Could not find lights.rad in lights.rad.
Trying VRAD BIN directory instead...
Warning: Couldn't open texlight file C:\Program Files (x86)\Steam\steamapps\common\Source SDK Base 2013 Singleplayer\bin\lights.rad.
Loading c:\program files (x86)\steam\steamapps\sourcemods\halflifecodered\maps im working on\hlcr_dreamhouse01.bsp
No vis information, direct lighting only.
93 faces
23914 square feet [3443746.00 square inches]
0 Displacements
0 Square Feet [0.00 Square Inches]
2 direct lights
0...1...2...3...4...5...6...7...8...9...10Build Patch/Sample Hash Table(s).....Done<0.0012 sec>
0...1...2...3...4...5...6...7...8...9...10FinalLightFace Done
0 of 0 (0% of) surface lights went in leaf ambient cubes.
0...1...2...3...4...5...6...7...8...9...10Writing leaf ambient...done
Ready to Finish

Object names       Objects/Maxobjs  Memory / Maxmem  Fullness 
------------       ---------------  ---------------  -------- 
models                   1/1024           48/49152    ( 0.1%) 
brushes                  8/8192           96/98304    ( 0.1%) 
brushsides              48/65536         384/524288   ( 0.1%) 
planes                  52/65536        1040/1310720  ( 0.1%) 
vertexes               130/65536        1560/786432   ( 0.2%) 
nodes                   78/65536        2496/2097152  ( 0.1%) 
texinfos                11/12288         792/884736   ( 0.1%) 
texdata                  4/2048          128/65536    ( 0.2%) 
dispinfos                0/0               0/0        ( 0.0%) 
disp_verts               0/0               0/0        ( 0.0%) 
disp_tris                0/0               0/0        ( 0.0%) 
disp_lmsamples           0/0               0/0        ( 0.0%) 
faces                   93/65536        5208/3670016  ( 0.1%) 
hdr faces                0/65536           0/3670016  ( 0.0%) 
origfaces               37/65536        2072/3670016  ( 0.1%) 
leaves                  80/65536        2560/2097152  ( 0.1%) 
leaffaces              101/65536         202/131072   ( 0.2%) 
leafbrushes             24/65536          48/131072   ( 0.0%) 
areas                    2/256            16/2048     ( 0.8%) 
surfedges              560/512000       2240/2048000  ( 0.1%) 
edges                  297/256000       1188/1024000  ( 0.1%) 
LDR worldlights          2/8192          176/720896   ( 0.0%) 
HDR worldlights          0/8192            0/720896   ( 0.0%) 
leafwaterdata            0/32768           0/393216   ( 0.0%) 
waterstrips              3/32768          30/327680   ( 0.0%) 
waterverts               0/65536           0/786432   ( 0.0%) 
waterindices            36/65536          72/131072   ( 0.1%) 
cubemapsamples           0/1024            0/16384    ( 0.0%) 
overlays                 0/512             0/180224   ( 0.0%) 
LDR lightdata         [variable]      128920/0        ( 0.0%) 
HDR lightdata         [variable]           0/0        ( 0.0%) 
visdata               [variable]           0/16777216 ( 0.0%) 
entdata               [variable]        1250/393216   ( 0.3%) 
LDR ambient table       80/65536         320/262144   ( 0.1%) 
HDR ambient table       80/65536         320/262144   ( 0.1%) 
LDR leaf ambient       485/65536       13580/1835008  ( 0.7%) 
HDR leaf ambient        80/65536        2240/1835008  ( 0.1%) 
occluders                0/0               0/0        ( 0.0%) 
occluder polygons        0/0               0/0        ( 0.0%) 
occluder vert ind        0/0               0/0        ( 0.0%) 
detail props          [variable]           1/12       ( 8.3%) 
static props          [variable]           1/12       ( 8.3%) 
pakfile               [variable]      105699/0        ( 0.0%) 
physics               [variable]        3141/4194304  ( 0.1%) 
physics terrain       [variable]           2/1048576  ( 0.0%) 

Level flags = 0

Total triangle count: 226
Writing c:\program files (x86)\steam\steamapps\sourcemods\halflifecodered\maps im working on\hlcr_dreamhouse01.bsp
0 seconds elapsed



materialPath: C:\Program Files (x86)\Steam\steamapps\common\Half-Life 2\hl2\materials
Loading C:\Program Files (x86)\Steam\steamapps\sourcemods\halflifecodered\maps im working on\hlcr_dreamhouse01.vmf
Could not locate 'GameData' key in c:\program files (x86)\steam\steamapps\common\half-life 2\hl2\gameinfo.txt
fixing up env_cubemap materials on brush sides...
0...1...2...3...4...5...6...7...8...9...10**** leaked ****
Entity prop_door_rotating (-637.53 -128.00 47.00) leaked!
Processing areas...done (0)
Building Faces...done (0)
FixTjuncs...
PruneNodes...
WriteBSP...
done (0)
Creating default LDR cubemaps for env_cubemap using skybox materials:
   skybox/sky_day01_01*.vmt
 ! Run buildcubemaps in the engine to get the correct cube maps.
Creating default HDR cubemaps for env_cubemap using skybox materials:
   skybox/sky_day01_01*.vmt
 ! Run buildcubemaps in the engine to get the correct cube maps.
Finding displacement neighbors...
Finding lightmap sample positions...
Displacement Alpha : 0...1...2...3...4...5...6...7...8...9...10
Building Physics collision data...
done (0) (3141 bytes)
Placing detail props : 0...1...2...3...4...5...6...7...8...9...10
Compacting texture/material tables...
Reduced 12 texinfos to 11
Reduced 4 texdatas to 4 (80 bytes to 80)
Writing C:\Program Files (x86)\Steam\steamapps\sourcemods\halflifecodered\maps im working on\hlcr_dreamhouse01.bsp
0 seconds elapsed



4 threads
reading c:\program files (x86)\steam\steamapps\sourcemods\halflifecodered\maps im working on\hlcr_dreamhouse01.bsp
reading c:\program files (x86)\steam\steamapps\sourcemods\halflifecodered\maps im working on\hlcr_dreamhouse01.prt
LoadPortals: couldn't read c:\program files (x86)\steam\steamapps\sourcemods\halflifecodered\maps im working on\hlcr_dreamhouse01.prt



[Reading texlights from 'lights.rad']
[45 texlights parsed from 'lights.rad']

Loading c:\program files (x86)\steam\steamapps\sourcemods\halflifecodered\maps im working on\hlcr_dreamhouse01.bsp
No vis information, direct lighting only.
93 faces
23950 square feet [3448882.00 square inches]
0 Displacements
0 Square Feet [0.00 Square Inches]
2 direct lights
0...1...2...3...4...5...6...7...8...9...10Build Patch/Sample Hash Table(s).....Done<0.0007 sec>
0...1...2...3...4...5...6...7...8...9...10FinalLightFace Done
0 of 0 (0% of) surface lights went in leaf ambient cubes.
0...1...2...3...4...5...6...7...8...9...10Writing leaf ambient...done
Ready to Finish

Object names       Objects/Maxobjs  Memory / Maxmem  Fullness 
------------       ---------------  ---------------  -------- 
models                   1/1024           48/49152    ( 0.1%) 
brushes                  8/8192           96/98304    ( 0.1%) 
brushsides              48/65536         384/524288   ( 0.1%) 
planes                  52/65536        1040/1310720  ( 0.1%) 
vertexes               130/65536        1560/786432   ( 0.2%) 
nodes                   78/65536        2496/2097152  ( 0.1%) 
texinfos                11/12288         792/884736   ( 0.1%) 
texdata                  4/2048          128/65536    ( 0.2%) 
dispinfos                0/0               0/0        ( 0.0%) 
disp_verts               0/0               0/0        ( 0.0%) 
disp_tris                0/0               0/0        ( 0.0%) 
disp_lmsamples           0/0               0/0        ( 0.0%) 
faces                   93/65536        5208/3670016  ( 0.1%) 
hdr faces                0/65536           0/3670016  ( 0.0%) 
origfaces               37/65536        2072/3670016  ( 0.1%) 
leaves                  80/65536        2560/2097152  ( 0.1%) 
leaffaces              101/65536         202/131072   ( 0.2%) 
leafbrushes             24/65536          48/131072   ( 0.0%) 
areas                    2/256            16/2048     ( 0.8%) 
surfedges              560/512000       2240/2048000  ( 0.1%) 
edges                  297/256000       1188/1024000  ( 0.1%) 
LDR worldlights          2/8192          176/720896   ( 0.0%) 
HDR worldlights          0/8192            0/720896   ( 0.0%) 
leafwaterdata            0/32768           0/393216   ( 0.0%) 
waterstrips              3/32768          30/327680   ( 0.0%) 
waterverts               0/65536           0/786432   ( 0.0%) 
waterindices            36/65536          72/131072   ( 0.1%) 
cubemapsamples           0/1024            0/16384    ( 0.0%) 
overlays                 0/512             0/180224   ( 0.0%) 
LDR lightdata         [variable]      129444/0        ( 0.0%) 
HDR lightdata         [variable]           0/0        ( 0.0%) 
visdata               [variable]           0/16777216 ( 0.0%) 
entdata               [variable]        1250/393216   ( 0.3%) 
LDR ambient table       80/65536         320/262144   ( 0.1%) 
HDR ambient table       80/65536         320/262144   ( 0.1%) 
LDR leaf ambient       535/65536       14980/1835008  ( 0.8%) 
HDR leaf ambient        80/65536        2240/1835008  ( 0.1%) 
occluders                0/0               0/0        ( 0.0%) 
occluder polygons        0/0               0/0        ( 0.0%) 
occluder vert ind        0/0               0/0        ( 0.0%) 
detail props          [variable]           1/12       ( 8.3%) 
static props          [variable]           1/12       ( 8.3%) 
pakfile               [variable]      105699/0        ( 0.0%) 
physics               [variable]        3141/4194304  ( 0.1%) 
physics terrain       [variable]           2/1048576  ( 0.0%) 

Level flags = 0

Total triangle count: 226
Writing c:\program files (x86)\steam\steamapps\sourcemods\halflifecodered\maps im working on\hlcr_dreamhouse01.bsp
0 seconds elapsed



materialPath: C:\Program Files (x86)\Steam\steamapps\common\Half-Life 2\hl2\materials
Loading C:\Program Files (x86)\Steam\steamapps\sourcemods\halflifecodered\maps im working on\hlcr_dreamhouse01.vmf
Could not locate 'GameData' key in c:\program files (x86)\steam\steamapps\common\half-life 2\hl2\gameinfo.txt
fixing up env_cubemap materials on brush sides...
0...1...2...3...4...5...6...7...8...9...10**** leaked ****
Entity prop_door_rotating (-637.53 -128.00 47.00) leaked!
Processing areas...done (0)
Building Faces...done (0)
FixTjuncs...
PruneNodes...
WriteBSP...
done (0)
Creating default LDR cubemaps for env_cubemap using skybox materials:
   skybox/sky_day01_01*.vmt
 ! Run buildcubemaps in the engine to get the correct cube maps.
Creating default HDR cubemaps for env_cubemap using skybox materials:
   skybox/sky_day01_01*.vmt
 ! Run buildcubemaps in the engine to get the correct cube maps.
Finding displacement neighbors...
Finding lightmap sample positions...
Displacement Alpha : 0...1...2...3...4...5...6...7...8...9...10
Building Physics collision data...
done (0) (3141 bytes)
Placing detail props : 0...1...2...3...4...5...6...7...8...9...10
Compacting texture/material tables...
Reduced 12 texinfos to 11
Reduced 4 texdatas to 4 (80 bytes to 80)
Writing C:\Program Files (x86)\Steam\steamapps\sourcemods\halflifecodered\maps im working on\hlcr_dreamhouse01.bsp
0 seconds elapsed



4 threads
reading c:\program files (x86)\steam\steamapps\sourcemods\halflifecodered\maps im working on\hlcr_dreamhouse01.bsp
reading c:\program files (x86)\steam\steamapps\sourcemods\halflifecodered\maps im working on\hlcr_dreamhouse01.prt
LoadPortals: couldn't read c:\program files (x86)\steam\steamapps\sourcemods\halflifecodered\maps im working on\hlcr_dreamhouse01.prt



[Reading texlights from 'lights.rad']
[45 texlights parsed from 'lights.rad']

Loading c:\program files (x86)\steam\steamapps\sourcemods\halflifecodered\maps im working on\hlcr_dreamhouse01.bsp
No vis information, direct lighting only.
93 faces
23950 square feet [3448882.00 square inches]
0 Displacements
0 Square Feet [0.00 Square Inches]
2 direct lights
0...1...2...3...4...5...6...7...8...9...10Build Patch/Sample Hash Table(s).....Done<0.0011 sec>
0...1...2...3...4...5...6...7...8...9...10FinalLightFace Done
0 of 0 (0% of) surface lights went in leaf ambient cubes.
0...1...2...3...4...5...6...7...8...9...10Writing leaf ambient...done
Ready to Finish

Object names       Objects/Maxobjs  Memory / Maxmem  Fullness 
------------       ---------------  ---------------  -------- 
models                   1/1024           48/49152    ( 0.1%) 
brushes                  8/8192           96/98304    ( 0.1%) 
brushsides              48/65536         384/524288   ( 0.1%) 
planes                  52/65536        1040/1310720  ( 0.1%) 
vertexes               130/65536        1560/786432   ( 0.2%) 
nodes                   78/65536        2496/2097152  ( 0.1%) 
texinfos                11/12288         792/884736   ( 0.1%) 
texdata                  4/2048          128/65536    ( 0.2%) 
dispinfos                0/0               0/0        ( 0.0%) 
disp_verts               0/0               0/0        ( 0.0%) 
disp_tris                0/0               0/0        ( 0.0%) 
disp_lmsamples           0/0               0/0        ( 0.0%) 
faces                   93/65536        5208/3670016  ( 0.1%) 
hdr faces                0/65536           0/3670016  ( 0.0%) 
origfaces               37/65536        2072/3670016  ( 0.1%) 
leaves                  80/65536        2560/2097152  ( 0.1%) 
leaffaces              101/65536         202/131072   ( 0.2%) 
leafbrushes             24/65536          48/131072   ( 0.0%) 
areas                    2/256            16/2048     ( 0.8%) 
surfedges              560/512000       2240/2048000  ( 0.1%) 
edges                  297/256000       1188/1024000  ( 0.1%) 
LDR worldlights          2/8192          176/720896   ( 0.0%) 
HDR worldlights          0/8192            0/720896   ( 0.0%) 
leafwaterdata            0/32768           0/393216   ( 0.0%) 
waterstrips              3/32768          30/327680   ( 0.0%) 
waterverts               0/65536           0/786432   ( 0.0%) 
waterindices            36/65536          72/131072   ( 0.1%) 
cubemapsamples           0/1024            0/16384    ( 0.0%) 
overlays                 0/512             0/180224   ( 0.0%) 
LDR lightdata         [variable]      129444/0        ( 0.0%) 
HDR lightdata         [variable]           0/0        ( 0.0%) 
visdata               [variable]           0/16777216 ( 0.0%) 
entdata               [variable]        1250/393216   ( 0.3%) 
LDR ambient table       80/65536         320/262144   ( 0.1%) 
HDR ambient table       80/65536         320/262144   ( 0.1%) 
LDR leaf ambient       535/65536       14980/1835008  ( 0.8%) 
HDR leaf ambient        80/65536        2240/1835008  ( 0.1%) 
occluders                0/0               0/0        ( 0.0%) 
occluder polygons        0/0               0/0        ( 0.0%) 
occluder vert ind        0/0               0/0        ( 0.0%) 
detail props          [variable]           1/12       ( 8.3%) 
static props          [variable]           1/12       ( 8.3%) 
pakfile               [variable]      105699/0        ( 0.0%) 
physics               [variable]        3141/4194304  ( 0.1%) 
physics terrain       [variable]           2/1048576  ( 0.0%) 

Level flags = 0

Total triangle count: 226
Writing c:\program files (x86)\steam\steamapps\sourcemods\halflifecodered\maps im working on\hlcr_dreamhouse01.bsp
0 seconds elapsed



materialPath: C:\Program Files (x86)\Steam\steamapps\common\Half-Life 2\hl2\materials
Loading C:\Program Files (x86)\Steam\steamapps\sourcemods\halflifecodered\maps im working on\hlcr_dreamhouse01.vmf
Could not locate 'GameData' key in c:\program files (x86)\steam\steamapps\common\half-life 2\hl2\gameinfo.txt
fixing up env_cubemap materials on brush sides...
0...1...2...3...4...5...6...7...8...9...10**** leaked ****
Entity prop_door_rotating (-637.53 -128.00 47.00) leaked!
Processing areas...done (0)
Building Faces...done (0)
FixTjuncs...
PruneNodes...
WriteBSP...
done (0)
Creating default LDR cubemaps for env_cubemap using skybox materials:
   skybox/sky_day01_01*.vmt
 ! Run buildcubemaps in the engine to get the correct cube maps.
Creating default HDR cubemaps for env_cubemap using skybox materials:
   skybox/sky_day01_01*.vmt
 ! Run buildcubemaps in the engine to get the correct cube maps.
Finding displacement neighbors...
Finding lightmap sample positions...
Displacement Alpha : 0...1...2...3...4...5...6...7...8...9...10
Building Physics collision data...
done (0) (3141 bytes)
Placing detail props : 0...1...2...3...4...5...6...7...8...9...10
Compacting texture/material tables...
Reduced 12 texinfos to 11
Reduced 4 texdatas to 4 (80 bytes to 80)
Writing C:\Program Files (x86)\Steam\steamapps\sourcemods\halflifecodered\maps im working on\hlcr_dreamhouse01.bsp
0 seconds elapsed



4 threads
reading c:\program files (x86)\steam\steamapps\sourcemods\halflifecodered\maps im working on\hlcr_dreamhouse01.bsp
reading c:\program files (x86)\steam\steamapps\sourcemods\halflifecodered\maps im working on\hlcr_dreamhouse01.prt
LoadPortals: couldn't read c:\program files (x86)\steam\steamapps\sourcemods\halflifecodered\maps im working on\hlcr_dreamhouse01.prt



[Reading texlights from 'lights.rad']
[45 texlights parsed from 'lights.rad']

Loading c:\program files (x86)\steam\steamapps\sourcemods\halflifecodered\maps im working on\hlcr_dreamhouse01.bsp
No vis information, direct lighting only.
93 faces
23950 square feet [3448882.00 square inches]
0 Displacements
0 Square Feet [0.00 Square Inches]
0 direct lights
0...1...2...3...4...5...6...7...8...9...10Build Patch/Sample Hash Table(s).....Done<0.0007 sec>
0...1...2...3...4...5...6...7...8...9...10FinalLightFace Done
0 of 0 (0% of) surface lights went in leaf ambient cubes.
0...1...2...3...4...5...6...7...8...9...10Writing leaf ambient...done
Ready to Finish

Object names       Objects/Maxobjs  Memory / Maxmem  Fullness 
------------       ---------------  ---------------  -------- 
models                   1/1024           48/49152    ( 0.1%) 
brushes                  8/8192           96/98304    ( 0.1%) 
brushsides              48/65536         384/524288   ( 0.1%) 
planes                  52/65536        1040/1310720  ( 0.1%) 
vertexes               130/65536        1560/786432   ( 0.2%) 
nodes                   78/65536        2496/2097152  ( 0.1%) 
texinfos                11/12288         792/884736   ( 0.1%) 
texdata                  4/2048          128/65536    ( 0.2%) 
dispinfos                0/0               0/0        ( 0.0%) 
disp_verts               0/0               0/0        ( 0.0%) 
disp_tris                0/0               0/0        ( 0.0%) 
disp_lmsamples           0/0               0/0        ( 0.0%) 
faces                   93/65536        5208/3670016  ( 0.1%) 
hdr faces                0/65536           0/3670016  ( 0.0%) 
origfaces               37/65536        2072/3670016  ( 0.1%) 
leaves                  80/65536        2560/2097152  ( 0.1%) 
leaffaces              101/65536         202/131072   ( 0.2%) 
leafbrushes             24/65536          48/131072   ( 0.0%) 
areas                    2/256            16/2048     ( 0.8%) 
surfedges              560/512000       2240/2048000  ( 0.1%) 
edges                  297/256000       1188/1024000  ( 0.1%) 
LDR worldlights          0/8192            0/720896   ( 0.0%) 
HDR worldlights          0/8192            0/720896   ( 0.0%) 
leafwaterdata            0/32768           0/393216   ( 0.0%) 
waterstrips              3/32768          30/327680   ( 0.0%) 
waterverts               0/65536           0/786432   ( 0.0%) 
waterindices            36/65536          72/131072   ( 0.1%) 
cubemapsamples           0/1024            0/16384    ( 0.0%) 
overlays                 0/512             0/180224   ( 0.0%) 
LDR lightdata         [variable]      129444/0        ( 0.0%) 
HDR lightdata         [variable]           0/0        ( 0.0%) 
visdata               [variable]           0/16777216 ( 0.0%) 
entdata               [variable]         963/393216   ( 0.2%) 
LDR ambient table       80/65536         320/262144   ( 0.1%) 
HDR ambient table       80/65536         320/262144   ( 0.1%) 
LDR leaf ambient        57/65536        1596/1835008  ( 0.1%) 
HDR leaf ambient        80/65536        2240/1835008  ( 0.1%) 
occluders                0/0               0/0        ( 0.0%) 
occluder polygons        0/0               0/0        ( 0.0%) 
occluder vert ind        0/0               0/0        ( 0.0%) 
detail props          [variable]           1/12       ( 8.3%) 
static props          [variable]           1/12       ( 8.3%) 
pakfile               [variable]      105699/0        ( 0.0%) 
physics               [variable]        3141/4194304  ( 0.1%) 
physics terrain       [variable]           2/1048576  ( 0.0%) 

Level flags = 0

Total triangle count: 226
Writing c:\program files (x86)\steam\steamapps\sourcemods\halflifecodered\maps im working on\hlcr_dreamhouse01.bsp
0 seconds elapsed



[Reading texlights from 'lights.rad']
[45 texlights parsed from 'lights.rad']

Loading c:\program files (x86)\steam\steamapps\sourcemods\halflifecodered\maps im working on\hlcr_dreamhouse01.bsp
No vis information, direct lighting only.
93 faces
23950 square feet [3448882.00 square inches]
0 Displacements
0 Square Feet [0.00 Square Inches]
0 direct lights
0...1...2...3...4...5...6...7...8...9...10Build Patch/Sample Hash Table(s).....Done<0.0008 sec>
0...1...2...3...4...5...6...7...8...9...10FinalLightFace Done
0 of 0 (0% of) surface lights went in leaf ambient cubes.
0...1...2...3...4...5...6...7...8...9...10Writing leaf ambient...done
Ready to Finish

Object names       Objects/Maxobjs  Memory / Maxmem  Fullness 
------------       ---------------  ---------------  -------- 
models                   1/1024           48/49152    ( 0.1%) 
brushes                  8/8192           96/98304    ( 0.1%) 
brushsides              48/65536         384/524288   ( 0.1%) 
planes                  52/65536        1040/1310720  ( 0.1%) 
vertexes               130/65536        1560/786432   ( 0.2%) 
nodes                   78/65536        2496/2097152  ( 0.1%) 
texinfos                11/12288         792/884736   ( 0.1%) 
texdata                  4/2048          128/65536    ( 0.2%) 
dispinfos                0/0               0/0        ( 0.0%) 
disp_verts               0/0               0/0        ( 0.0%) 
disp_tris                0/0               0/0        ( 0.0%) 
disp_lmsamples           0/0               0/0        ( 0.0%) 
faces                   93/65536        5208/3670016  ( 0.1%) 
hdr faces               93/65536        5208/3670016  ( 0.1%) 
origfaces               37/65536        2072/3670016  ( 0.1%) 
leaves                  80/65536        2560/2097152  ( 0.1%) 
leaffaces              101/65536         202/131072   ( 0.2%) 
leafbrushes             24/65536          48/131072   ( 0.0%) 
areas                    2/256            16/2048     ( 0.8%) 
surfedges              560/512000       2240/2048000  ( 0.1%) 
edges                  297/256000       1188/1024000  ( 0.1%) 
LDR worldlights          0/8192            0/720896   ( 0.0%) 
HDR worldlights          0/8192            0/720896   ( 0.0%) 
leafwaterdata            0/32768           0/393216   ( 0.0%) 
waterstrips              3/32768          30/327680   ( 0.0%) 
waterverts               0/65536           0/786432   ( 0.0%) 
waterindices            36/65536          72/131072   ( 0.1%) 
cubemapsamples           0/1024            0/16384    ( 0.0%) 
overlays                 0/512             0/180224   ( 0.0%) 
LDR lightdata         [variable]      129444/0        ( 0.0%) 
HDR lightdata         [variable]      129444/0        ( 0.0%) 
visdata               [variable]           0/16777216 ( 0.0%) 
entdata               [variable]         963/393216   ( 0.2%) 
LDR ambient table       80/65536         320/262144   ( 0.1%) 
HDR ambient table       80/65536         320/262144   ( 0.1%) 
LDR leaf ambient        57/65536        1596/1835008  ( 0.1%) 
HDR leaf ambient        57/65536        1596/1835008  ( 0.1%) 
occluders                0/0               0/0        ( 0.0%) 
occluder polygons        0/0               0/0        ( 0.0%) 
occluder vert ind        0/0               0/0        ( 0.0%) 
detail props          [variable]           1/12       ( 8.3%) 
static props          [variable]           1/12       ( 8.3%) 
pakfile               [variable]      105699/0        ( 0.0%) 
physics               [variable]        3141/4194304  ( 0.1%) 
physics terrain       [variable]           2/1048576  ( 0.0%) 

Level flags = 0

Total triangle count: 226
Writing c:\program files (x86)\steam\steamapps\sourcemods\halflifecodered\maps im working on\hlcr_dreamhouse01.bsp
0 seconds elapsed
